Connecting to database specified by database.yml
Connecting to database specified by database.yml
Connecting to database specified by database.yml
Connecting to database specified by database.yml


Started GET "/assets/rails.png" for 127.0.0.1 at 2013-06-08 16:52:17 +0530
Served asset /rails.png - 304 Not Modified (6ms)


Started GET "/users" for 127.0.0.1 at 2013-06-08 16:52:21 +0530
Processing by UsersController#index as HTML
  Rendered users/index.html.erb within layouts/application (4.2ms)
Compiled scaffolds.css  (22ms)  (pid 32398)
Compiled users.css  (3ms)  (pid 32398)
Compiled application.css  (94ms)  (pid 32398)
Compiled jquery.js  (2ms)  (pid 32398)
Compiled jquery_ujs.js  (0ms)  (pid 32398)
Compiled users.js  (120ms)  (pid 32398)
Compiled application.js  (181ms)  (pid 32398)
Completed 200 OK in 448ms (Views: 394.0ms | ActiveRecord: 0.0ms)


Started GET "/assets/application.css?body=1" for 127.0.0.1 at 2013-06-08 16:52:22 +0530
Served asset /application.css - 304 Not Modified (12ms)


Started GET "/assets/scaffolds.css?body=1" for 127.0.0.1 at 2013-06-08 16:52:22 +0530
Served asset /scaffolds.css - 304 Not Modified (2ms)


Started GET "/assets/users.js?body=1" for 127.0.0.1 at 2013-06-08 16:52:22 +0530
Served asset /users.js - 304 Not Modified (2ms)


Started GET "/assets/jquery_ujs.js?body=1" for 127.0.0.1 at 2013-06-08 16:52:22 +0530
Served asset /jquery_ujs.js - 304 Not Modified (2ms)


Started GET "/assets/jquery.js?body=1" for 127.0.0.1 at 2013-06-08 16:52:22 +0530
Served asset /jquery.js - 304 Not Modified (3ms)


Started GET "/assets/users.css?body=1" for 127.0.0.1 at 2013-06-08 16:52:22 +0530
Served asset /users.css - 304 Not Modified (2ms)


Started GET "/assets/application.js?body=1" for 127.0.0.1 at 2013-06-08 16:52:22 +0530
Served asset /application.js - 304 Not Modified (8ms)


Started GET "/users/new" for 127.0.0.1 at 2013-06-08 16:52:24 +0530
Processing by UsersController#new as HTML
  Rendered users/_form.html.erb (48.8ms)
  Rendered users/new.html.erb within layouts/application (56.1ms)
Completed 500 Internal Server Error in 59ms

ActionView::Template::Error (undefined method `first_name' for #<User type: "User">):
    13: 
    14:   <div class="field">
    15:     <%= f.label :first_name %><br />
    16:     <%= f.text_field :first_name %>
    17:   </div>
    18:   <div class="field">
    19:     <%= f.label :last_name %><br />
  app/views/users/_form.html.erb:16:in `block in _app_views_users__form_html_erb__212887403__620583288'
  app/views/users/_form.html.erb:1:in `_app_views_users__form_html_erb__212887403__620583288'
  app/views/users/new.html.erb:3:in `_app_views_users_new_html_erb___161979370__616736888'
  app/controllers/users_controller.rb:29:in `new'


  Rendered /home/ubuntu/.rvm/gems/ruby-1.9.3-p286@lookel/gems/actionpack-3.2.13/lib/action_dispatch/middleware/templates/rescues/_trace.erb (2.0ms)
  Rendered /home/ubuntu/.rvm/gems/ruby-1.9.3-p286@lookel/gems/actionpack-3.2.13/lib/action_dispatch/middleware/templates/rescues/_request_and_response.erb (1.4ms)
  Rendered /home/ubuntu/.rvm/gems/ruby-1.9.3-p286@lookel/gems/actionpack-3.2.13/lib/action_dispatch/middleware/templates/rescues/template_error.erb within rescues/layout (11.1ms)


Started GET "/users" for 127.0.0.1 at 2013-06-08 16:57:32 +0530
Processing by UsersController#index as HTML
  Rendered users/index.html.erb within layouts/application (0.5ms)
Completed 200 OK in 24ms (Views: 18.5ms | ActiveRecord: 0.0ms)


Started GET "/assets/application.css?body=1" for 127.0.0.1 at 2013-06-08 16:57:33 +0530
Served asset /application.css - 304 Not Modified (0ms)


Started GET "/assets/jquery_ujs.js?body=1" for 127.0.0.1 at 2013-06-08 16:57:33 +0530
Served asset /jquery_ujs.js - 304 Not Modified (12ms)


Started GET "/assets/users.js?body=1" for 127.0.0.1 at 2013-06-08 16:57:33 +0530
Served asset /users.js - 304 Not Modified (0ms)


Started GET "/assets/jquery.js?body=1" for 127.0.0.1 at 2013-06-08 16:57:33 +0530
Served asset /jquery.js - 304 Not Modified (0ms)


Started GET "/assets/users.css?body=1" for 127.0.0.1 at 2013-06-08 16:57:33 +0530
Served asset /users.css - 304 Not Modified (0ms)


Started GET "/assets/scaffolds.css?body=1" for 127.0.0.1 at 2013-06-08 16:57:33 +0530
Served asset /scaffolds.css - 304 Not Modified (0ms)


Started GET "/assets/application.js?body=1" for 127.0.0.1 at 2013-06-08 16:57:33 +0530
Served asset /application.js - 304 Not Modified (39ms)


Started GET "/users/new" for 127.0.0.1 at 2013-06-08 16:57:34 +0530
Processing by UsersController#new as HTML
  Rendered users/_form.html.erb (8.9ms)
  Rendered users/new.html.erb within layouts/application (9.7ms)
Completed 500 Internal Server Error in 12ms

ActionView::Template::Error (undefined method `gabeer' for #<User:0xa6fca34>):
    41:   </div>
    42:   <div class="field">
    43:     <%= f.label :gabeer %><br />
    44:     <%= f.text_field :gabeer %>
    45:   </div>
    46:   <div class="field">
    47:     <%= f.label :about_you %><br />
  app/views/users/_form.html.erb:44:in `block in _app_views_users__form_html_erb__212887403__620583288'
  app/views/users/_form.html.erb:1:in `_app_views_users__form_html_erb__212887403__620583288'
  app/views/users/new.html.erb:3:in `_app_views_users_new_html_erb___161979370__616736888'
  app/controllers/users_controller.rb:29:in `new'


  Rendered /home/ubuntu/.rvm/gems/ruby-1.9.3-p286@lookel/gems/actionpack-3.2.13/lib/action_dispatch/middleware/templates/rescues/_trace.erb (2.0ms)
  Rendered /home/ubuntu/.rvm/gems/ruby-1.9.3-p286@lookel/gems/actionpack-3.2.13/lib/action_dispatch/middleware/templates/rescues/_request_and_response.erb (1.3ms)
  Rendered /home/ubuntu/.rvm/gems/ruby-1.9.3-p286@lookel/gems/actionpack-3.2.13/lib/action_dispatch/middleware/templates/rescues/template_error.erb within rescues/layout (11.0ms)


Started GET "/users/new" for 127.0.0.1 at 2013-06-08 16:57:51 +0530
Processing by UsersController#new as HTML
  Rendered users/_form.html.erb (9.9ms)
  Rendered users/new.html.erb within layouts/application (11.0ms)
Completed 200 OK in 31ms (Views: 29.0ms | ActiveRecord: 0.0ms)


Started GET "/assets/application.css?body=1" for 127.0.0.1 at 2013-06-08 16:57:51 +0530
Served asset /application.css - 304 Not Modified (1ms)


Started GET "/assets/scaffolds.css?body=1" for 127.0.0.1 at 2013-06-08 16:57:51 +0530
Served asset /scaffolds.css - 304 Not Modified (15ms)


Started GET "/assets/users.css?body=1" for 127.0.0.1 at 2013-06-08 16:57:51 +0530
Served asset /users.css - 304 Not Modified (0ms)


Started GET "/assets/users.js?body=1" for 127.0.0.1 at 2013-06-08 16:57:51 +0530
Served asset /users.js - 304 Not Modified (0ms)


Started GET "/assets/jquery.js?body=1" for 127.0.0.1 at 2013-06-08 16:57:51 +0530
Served asset /jquery.js - 304 Not Modified (0ms)


Started GET "/assets/jquery_ujs.js?body=1" for 127.0.0.1 at 2013-06-08 16:57:51 +0530
Served asset /jquery_ujs.js - 304 Not Modified (0ms)


Started GET "/assets/application.js?body=1" for 127.0.0.1 at 2013-06-08 16:57:51 +0530
Served asset /application.js - 304 Not Modified (1ms)


Started POST "/users" for 127.0.0.1 at 2013-06-08 16:58:21 +0530
Processing by UsersController#create as HTML
  Parameters: {"utf8"=>"✓", "authenticity_token"=>"+IkrOvGOptigIHmFXKD6iVPbhm+tvpgRDiDkf/IYTCk=", "user"=>{"first_name"=>"Arvind", "last_name"=>"Kumar", "nick_name"=>"Vyas", "email"=>"arvindvyas07@gmail.com", "website"=>"www.google.com", "aim"=>"ar", "yahoo"=>"ar", "gabeer"=>"ae", "about_you"=>"asdfsdf"}, "commit"=>"Create User"}
Redirected to http://localhost:3010/users/90d0830706ababf6e9f6c3efc05dc983
Completed 302 Found in 48ms (ActiveRecord: 0.0ms)


Started GET "/users/90d0830706ababf6e9f6c3efc05dc983" for 127.0.0.1 at 2013-06-08 16:58:21 +0530
Processing by UsersController#show as HTML
  Parameters: {"id"=>"90d0830706ababf6e9f6c3efc05dc983"}
  Rendered users/show.html.erb within layouts/application (2.2ms)
Completed 200 OK in 28ms (Views: 21.4ms | ActiveRecord: 0.0ms)


Started GET "/assets/application.css?body=1" for 127.0.0.1 at 2013-06-08 16:58:21 +0530
Served asset /application.css - 304 Not Modified (0ms)


Started GET "/assets/jquery.js?body=1" for 127.0.0.1 at 2013-06-08 16:58:21 +0530
Served asset /jquery.js - 304 Not Modified (0ms)


Started GET "/assets/users.css?body=1" for 127.0.0.1 at 2013-06-08 16:58:21 +0530
Served asset /users.css - 304 Not Modified (0ms)


Started GET "/assets/scaffolds.css?body=1" for 127.0.0.1 at 2013-06-08 16:58:21 +0530
Served asset /scaffolds.css - 304 Not Modified (41ms)


Started GET "/assets/users.js?body=1" for 127.0.0.1 at 2013-06-08 16:58:22 +0530
Served asset /users.js - 304 Not Modified (0ms)


Started GET "/assets/jquery_ujs.js?body=1" for 127.0.0.1 at 2013-06-08 16:58:22 +0530
Served asset /jquery_ujs.js - 304 Not Modified (0ms)


Started GET "/assets/application.js?body=1" for 127.0.0.1 at 2013-06-08 16:58:22 +0530
Served asset /application.js - 304 Not Modified (1ms)


Started GET "/users" for 127.0.0.1 at 2013-06-08 16:58:24 +0530
Processing by UsersController#index as HTML
  Rendered users/index.html.erb within layouts/application (1.9ms)
Completed 200 OK in 31ms (Views: 18.8ms | ActiveRecord: 0.0ms)


Started GET "/assets/application.css?body=1" for 127.0.0.1 at 2013-06-08 16:58:24 +0530
Served asset /application.css - 304 Not Modified (0ms)


Started GET "/assets/users.css?body=1" for 127.0.0.1 at 2013-06-08 16:58:24 +0530
Served asset /users.css - 304 Not Modified (0ms)


Started GET "/assets/scaffolds.css?body=1" for 127.0.0.1 at 2013-06-08 16:58:24 +0530
Served asset /scaffolds.css - 304 Not Modified (0ms)


Started GET "/assets/jquery.js?body=1" for 127.0.0.1 at 2013-06-08 16:58:24 +0530
Served asset /jquery.js - 304 Not Modified (0ms)


Started GET "/assets/jquery_ujs.js?body=1" for 127.0.0.1 at 2013-06-08 16:58:24 +0530
Served asset /jquery_ujs.js - 304 Not Modified (0ms)


Started GET "/assets/users.js?body=1" for 127.0.0.1 at 2013-06-08 16:58:24 +0530
Served asset /users.js - 304 Not Modified (0ms)


Started GET "/assets/application.js?body=1" for 127.0.0.1 at 2013-06-08 16:58:24 +0530
Served asset /application.js - 304 Not Modified (1ms)


Started GET "/users/90d0830706ababf6e9f6c3efc05dc983" for 127.0.0.1 at 2013-06-08 16:58:26 +0530
Processing by UsersController#show as HTML
  Parameters: {"id"=>"90d0830706ababf6e9f6c3efc05dc983"}
  Rendered users/show.html.erb within layouts/application (1.1ms)
Completed 200 OK in 23ms (Views: 18.5ms | ActiveRecord: 0.0ms)


Started GET "/assets/application.css?body=1" for 127.0.0.1 at 2013-06-08 16:58:26 +0530
Served asset /application.css - 304 Not Modified (0ms)


Started GET "/assets/scaffolds.css?body=1" for 127.0.0.1 at 2013-06-08 16:58:26 +0530
Served asset /scaffolds.css - 304 Not Modified (0ms)


Started GET "/assets/users.css?body=1" for 127.0.0.1 at 2013-06-08 16:58:26 +0530
Served asset /users.css - 304 Not Modified (0ms)


Started GET "/assets/users.js?body=1" for 127.0.0.1 at 2013-06-08 16:58:26 +0530
Served asset /users.js - 304 Not Modified (0ms)


Started GET "/assets/application.js?body=1" for 127.0.0.1 at 2013-06-08 16:58:26 +0530
Served asset /application.js - 304 Not Modified (1ms)


Started GET "/assets/jquery.js?body=1" for 127.0.0.1 at 2013-06-08 16:58:26 +0530
Served asset /jquery.js - 304 Not Modified (1ms)


Started GET "/assets/jquery_ujs.js?body=1" for 127.0.0.1 at 2013-06-08 16:58:26 +0530
Served asset /jquery_ujs.js - 304 Not Modified (0ms)


Started GET "/users" for 127.0.0.1 at 2013-06-08 16:58:28 +0530
Processing by UsersController#index as HTML
  Rendered users/index.html.erb within layouts/application (2.3ms)
Completed 200 OK in 30ms (Views: 21.2ms | ActiveRecord: 0.0ms)


Started GET "/assets/application.css?body=1" for 127.0.0.1 at 2013-06-08 16:58:28 +0530
Served asset /application.css - 304 Not Modified (0ms)


Started GET "/assets/scaffolds.css?body=1" for 127.0.0.1 at 2013-06-08 16:58:28 +0530
Served asset /scaffolds.css - 304 Not Modified (0ms)


Started GET "/assets/users.css?body=1" for 127.0.0.1 at 2013-06-08 16:58:28 +0530
Served asset /users.css - 304 Not Modified (0ms)


Started GET "/assets/jquery.js?body=1" for 127.0.0.1 at 2013-06-08 16:58:28 +0530
Served asset /jquery.js - 304 Not Modified (0ms)


Started GET "/assets/users.js?body=1" for 127.0.0.1 at 2013-06-08 16:58:28 +0530
Served asset /users.js - 304 Not Modified (0ms)


Started GET "/assets/jquery_ujs.js?body=1" for 127.0.0.1 at 2013-06-08 16:58:28 +0530
Served asset /jquery_ujs.js - 304 Not Modified (0ms)


Started GET "/assets/application.js?body=1" for 127.0.0.1 at 2013-06-08 16:58:28 +0530
Served asset /application.js - 304 Not Modified (1ms)
Connecting to database specified by database.yml
Connecting to database specified by database.yml
Connecting to database specified by database.yml


Started GET "/users" for 127.0.0.1 at 2013-06-08 17:12:54 +0530
Processing by UsersController#index as HTML
  Rendered users/index.html.erb within layouts/application (7.2ms)
Completed 200 OK in 119ms (Views: 74.6ms | ActiveRecord: 0.0ms)


Started GET "/assets/application.css?body=1" for 127.0.0.1 at 2013-06-08 17:12:55 +0530
Served asset /application.css - 304 Not Modified (20ms)


Started GET "/assets/scaffolds.css?body=1" for 127.0.0.1 at 2013-06-08 17:12:55 +0530
Served asset /scaffolds.css - 304 Not Modified (2ms)


Started GET "/assets/users.css?body=1" for 127.0.0.1 at 2013-06-08 17:12:55 +0530
Served asset /users.css - 304 Not Modified (1ms)


Started GET "/assets/jquery.js?body=1" for 127.0.0.1 at 2013-06-08 17:12:55 +0530
Served asset /jquery.js - 304 Not Modified (4ms)


Started GET "/assets/jquery_ujs.js?body=1" for 127.0.0.1 at 2013-06-08 17:12:55 +0530
Served asset /jquery_ujs.js - 304 Not Modified (2ms)


Started GET "/assets/users.js?body=1" for 127.0.0.1 at 2013-06-08 17:12:55 +0530
Served asset /users.js - 304 Not Modified (1ms)


Started GET "/assets/application.js?body=1" for 127.0.0.1 at 2013-06-08 17:12:55 +0530
Served asset /application.js - 304 Not Modified (7ms)


Started GET "/users/new" for 127.0.0.1 at 2013-06-08 17:12:56 +0530
Processing by UsersController#new as HTML
  Rendered users/_form.html.erb (15.7ms)
  Rendered users/new.html.erb within layouts/application (49.9ms)
Completed 200 OK in 69ms (Views: 68.2ms | ActiveRecord: 0.0ms)


Started GET "/assets/application.css?body=1" for 127.0.0.1 at 2013-06-08 17:12:56 +0530
Served asset /application.css - 304 Not Modified (0ms)


Started GET "/assets/jquery.js?body=1" for 127.0.0.1 at 2013-06-08 17:12:56 +0530
Served asset /jquery.js - 304 Not Modified (0ms)


Started GET "/assets/users.css?body=1" for 127.0.0.1 at 2013-06-08 17:12:56 +0530
Served asset /users.css - 304 Not Modified (0ms)


Started GET "/assets/users.js?body=1" for 127.0.0.1 at 2013-06-08 17:12:56 +0530
Served asset /users.js - 304 Not Modified (0ms)


Started GET "/assets/jquery_ujs.js?body=1" for 127.0.0.1 at 2013-06-08 17:12:56 +0530
Served asset /jquery_ujs.js - 304 Not Modified (1ms)


Started GET "/assets/application.js?body=1" for 127.0.0.1 at 2013-06-08 17:12:56 +0530
Served asset /application.js - 304 Not Modified (1ms)


Started GET "/assets/scaffolds.css?body=1" for 127.0.0.1 at 2013-06-08 17:12:56 +0530
Served asset /scaffolds.css - 304 Not Modified (0ms)


Started GET "/users" for 127.0.0.1 at 2013-06-08 17:13:19 +0530
Processing by UsersController#index as HTML
  Rendered users/index.html.erb within layouts/application (1.9ms)
Completed 200 OK in 29ms (Views: 19.9ms | ActiveRecord: 0.0ms)


Started GET "/assets/application.css?body=1" for 127.0.0.1 at 2013-06-08 17:13:19 +0530
Served asset /application.css - 304 Not Modified (0ms)


Started GET "/assets/scaffolds.css?body=1" for 127.0.0.1 at 2013-06-08 17:13:19 +0530
Served asset /scaffolds.css - 304 Not Modified (0ms)


Started GET "/assets/jquery_ujs.js?body=1" for 127.0.0.1 at 2013-06-08 17:13:19 +0530
Served asset /jquery_ujs.js - 304 Not Modified (0ms)


Started GET "/assets/users.css?body=1" for 127.0.0.1 at 2013-06-08 17:13:19 +0530
Served asset /users.css - 304 Not Modified (0ms)


Started GET "/assets/jquery.js?body=1" for 127.0.0.1 at 2013-06-08 17:13:19 +0530
Served asset /jquery.js - 304 Not Modified (0ms)


Started GET "/assets/users.js?body=1" for 127.0.0.1 at 2013-06-08 17:13:19 +0530
Served asset /users.js - 304 Not Modified (0ms)


Started GET "/assets/application.js?body=1" for 127.0.0.1 at 2013-06-08 17:13:19 +0530
Served asset /application.js - 304 Not Modified (1ms)


Started GET "/users" for 127.0.0.1 at 2013-06-08 17:13:20 +0530
Processing by UsersController#index as HTML
  Rendered users/index.html.erb within layouts/application (2.1ms)
Completed 200 OK in 29ms (Views: 20.8ms | ActiveRecord: 0.0ms)


Started GET "/assets/application.css?body=1" for 127.0.0.1 at 2013-06-08 17:13:20 +0530
Served asset /application.css - 304 Not Modified (0ms)


Started GET "/assets/users.css?body=1" for 127.0.0.1 at 2013-06-08 17:13:20 +0530
Served asset /users.css - 304 Not Modified (3ms)


Started GET "/assets/scaffolds.css?body=1" for 127.0.0.1 at 2013-06-08 17:13:20 +0530
Served asset /scaffolds.css - 304 Not Modified (2ms)


Started GET "/assets/jquery.js?body=1" for 127.0.0.1 at 2013-06-08 17:13:20 +0530
Served asset /jquery.js - 304 Not Modified (6ms)


Started GET "/assets/jquery_ujs.js?body=1" for 127.0.0.1 at 2013-06-08 17:13:20 +0530
Served asset /jquery_ujs.js - 304 Not Modified (0ms)


Started GET "/assets/application.js?body=1" for 127.0.0.1 at 2013-06-08 17:13:20 +0530
Served asset /application.js - 304 Not Modified (1ms)


Started GET "/assets/users.js?body=1" for 127.0.0.1 at 2013-06-08 17:13:20 +0530
Served asset /users.js - 304 Not Modified (4ms)


Started GET "/assets/rails.png" for 127.0.0.1 at 2013-06-08 17:13:23 +0530
Served asset /rails.png - 304 Not Modified (1ms)


Started GET "/assets/rails.png" for 127.0.0.1 at 2013-06-08 17:13:24 +0530
Served asset /rails.png - 304 Not Modified (0ms)


Started GET "/users" for 127.0.0.1 at 2013-06-08 17:13:27 +0530
Processing by UsersController#index as HTML
  Rendered users/index.html.erb within layouts/application (2.4ms)
Completed 200 OK in 30ms (Views: 21.6ms | ActiveRecord: 0.0ms)


Started GET "/assets/application.css?body=1" for 127.0.0.1 at 2013-06-08 17:13:28 +0530
Served asset /application.css - 304 Not Modified (0ms)


Started GET "/assets/scaffolds.css?body=1" for 127.0.0.1 at 2013-06-08 17:13:28 +0530
Served asset /scaffolds.css - 304 Not Modified (0ms)


Started GET "/assets/jquery.js?body=1" for 127.0.0.1 at 2013-06-08 17:13:28 +0530
Served asset /jquery.js - 304 Not Modified (0ms)


Started GET "/assets/users.css?body=1" for 127.0.0.1 at 2013-06-08 17:13:28 +0530
Served asset /users.css - 304 Not Modified (0ms)


Started GET "/assets/users.js?body=1" for 127.0.0.1 at 2013-06-08 17:13:28 +0530
Served asset /users.js - 304 Not Modified (0ms)


Started GET "/assets/jquery_ujs.js?body=1" for 127.0.0.1 at 2013-06-08 17:13:28 +0530
Served asset /jquery_ujs.js - 304 Not Modified (0ms)


Started GET "/assets/application.js?body=1" for 127.0.0.1 at 2013-06-08 17:13:28 +0530
Served asset /application.js - 304 Not Modified (1ms)
Connecting to database specified by database.yml
Connecting to database specified by database.yml
Connecting to database specified by database.yml


Started GET "/users" for 127.0.0.1 at 2013-06-08 17:29:03 +0530

ActiveRecord::ConnectionNotEstablished (ActiveRecord::ConnectionNotEstablished):
  activerecord (3.2.13) lib/active_record/connection_adapters/abstract/connection_pool.rb:410:in `retrieve_connection'
  activerecord (3.2.13) lib/active_record/connection_adapters/abstract/connection_specification.rb:171:in `retrieve_connection'
  activerecord (3.2.13) lib/active_record/connection_adapters/abstract/connection_specification.rb:145:in `connection'
  activerecord (3.2.13) lib/active_record/query_cache.rb:67:in `rescue in call'
  activerecord (3.2.13) lib/active_record/query_cache.rb:61:in `call'
  activerecord (3.2.13) lib/active_record/connection_adapters/abstract/connection_pool.rb:479:in `call'
  actionpack (3.2.13) lib/action_dispatch/middleware/callbacks.rb:28:in `block in call'
  activesupport (3.2.13) lib/active_support/callbacks.rb:405:in `_run__168423327__call__463858494__callbacks'
  activesupport (3.2.13) lib/active_support/callbacks.rb:405:in `__run_callback'
  activesupport (3.2.13) lib/active_support/callbacks.rb:385:in `_run_call_callbacks'
  activesupport (3.2.13) lib/active_support/callbacks.rb:81:in `run_callbacks'
  actionpack (3.2.13) lib/action_dispatch/middleware/callbacks.rb:27:in `call'
  actionpack (3.2.13) lib/action_dispatch/middleware/reloader.rb:65:in `call'
  actionpack (3.2.13) lib/action_dispatch/middleware/remote_ip.rb:31:in `call'
  actionpack (3.2.13) lib/action_dispatch/middleware/debug_exceptions.rb:16:in `call'
  actionpack (3.2.13) lib/action_dispatch/middleware/show_exceptions.rb:56:in `call'
  railties (3.2.13) lib/rails/rack/logger.rb:32:in `call_app'
  railties (3.2.13) lib/rails/rack/logger.rb:16:in `block in call'
  activesupport (3.2.13) lib/active_support/tagged_logging.rb:22:in `tagged'
  railties (3.2.13) lib/rails/rack/logger.rb:16:in `call'
  actionpack (3.2.13) lib/action_dispatch/middleware/request_id.rb:22:in `call'
  rack (1.4.5) lib/rack/methodoverride.rb:21:in `call'
  rack (1.4.5) lib/rack/runtime.rb:17:in `call'
  activesupport (3.2.13) lib/active_support/cache/strategy/local_cache.rb:72:in `call'
  rack (1.4.5) lib/rack/lock.rb:15:in `call'
  actionpack (3.2.13) lib/action_dispatch/middleware/static.rb:63:in `call'
  railties (3.2.13) lib/rails/engine.rb:479:in `call'
  railties (3.2.13) lib/rails/application.rb:223:in `call'
  rack (1.4.5) lib/rack/content_length.rb:14:in `call'
  railties (3.2.13) lib/rails/rack/log_tailer.rb:17:in `call'
  rack (1.4.5) lib/rack/handler/webrick.rb:59:in `service'
  /home/ubuntu/.rvm/rubies/ruby-1.9.3-p286/lib/ruby/1.9.1/webrick/httpserver.rb:138:in `service'
  /home/ubuntu/.rvm/rubies/ruby-1.9.3-p286/lib/ruby/1.9.1/webrick/httpserver.rb:94:in `run'
  /home/ubuntu/.rvm/rubies/ruby-1.9.3-p286/lib/ruby/1.9.1/webrick/server.rb:191:in `block in start_thread'


  Rendered /home/ubuntu/.rvm/gems/ruby-1.9.3-p286@lookel/gems/actionpack-3.2.13/lib/action_dispatch/middleware/templates/rescues/_trace.erb (1.7ms)
  Rendered /home/ubuntu/.rvm/gems/ruby-1.9.3-p286@lookel/gems/actionpack-3.2.13/lib/action_dispatch/middleware/templates/rescues/_request_and_response.erb (3.6ms)
  Rendered /home/ubuntu/.rvm/gems/ruby-1.9.3-p286@lookel/gems/actionpack-3.2.13/lib/action_dispatch/middleware/templates/rescues/diagnostics.erb within rescues/layout (15.4ms)


Started GET "/users" for 127.0.0.1 at 2013-06-08 17:29:10 +0530

ActiveRecord::ConnectionNotEstablished (ActiveRecord::ConnectionNotEstablished):
  activerecord (3.2.13) lib/active_record/connection_adapters/abstract/connection_pool.rb:410:in `retrieve_connection'
  activerecord (3.2.13) lib/active_record/connection_adapters/abstract/connection_specification.rb:171:in `retrieve_connection'
  activerecord (3.2.13) lib/active_record/connection_adapters/abstract/connection_specification.rb:145:in `connection'
  activerecord (3.2.13) lib/active_record/query_cache.rb:67:in `rescue in call'
  activerecord (3.2.13) lib/active_record/query_cache.rb:61:in `call'
  activerecord (3.2.13) lib/active_record/connection_adapters/abstract/connection_pool.rb:479:in `call'
  actionpack (3.2.13) lib/action_dispatch/middleware/callbacks.rb:28:in `block in call'
  activesupport (3.2.13) lib/active_support/callbacks.rb:405:in `_run__168423327__call__463858494__callbacks'
  activesupport (3.2.13) lib/active_support/callbacks.rb:405:in `__run_callback'
  activesupport (3.2.13) lib/active_support/callbacks.rb:385:in `_run_call_callbacks'
  activesupport (3.2.13) lib/active_support/callbacks.rb:81:in `run_callbacks'
  actionpack (3.2.13) lib/action_dispatch/middleware/callbacks.rb:27:in `call'
  actionpack (3.2.13) lib/action_dispatch/middleware/reloader.rb:65:in `call'
  actionpack (3.2.13) lib/action_dispatch/middleware/remote_ip.rb:31:in `call'
  actionpack (3.2.13) lib/action_dispatch/middleware/debug_exceptions.rb:16:in `call'
  actionpack (3.2.13) lib/action_dispatch/middleware/show_exceptions.rb:56:in `call'
  railties (3.2.13) lib/rails/rack/logger.rb:32:in `call_app'
  railties (3.2.13) lib/rails/rack/logger.rb:16:in `block in call'
  activesupport (3.2.13) lib/active_support/tagged_logging.rb:22:in `tagged'
  railties (3.2.13) lib/rails/rack/logger.rb:16:in `call'
  actionpack (3.2.13) lib/action_dispatch/middleware/request_id.rb:22:in `call'
  rack (1.4.5) lib/rack/methodoverride.rb:21:in `call'
  rack (1.4.5) lib/rack/runtime.rb:17:in `call'
  activesupport (3.2.13) lib/active_support/cache/strategy/local_cache.rb:72:in `call'
  rack (1.4.5) lib/rack/lock.rb:15:in `call'
  actionpack (3.2.13) lib/action_dispatch/middleware/static.rb:63:in `call'
  railties (3.2.13) lib/rails/engine.rb:479:in `call'
  railties (3.2.13) lib/rails/application.rb:223:in `call'
  rack (1.4.5) lib/rack/content_length.rb:14:in `call'
  railties (3.2.13) lib/rails/rack/log_tailer.rb:17:in `call'
  rack (1.4.5) lib/rack/handler/webrick.rb:59:in `service'
  /home/ubuntu/.rvm/rubies/ruby-1.9.3-p286/lib/ruby/1.9.1/webrick/httpserver.rb:138:in `service'
  /home/ubuntu/.rvm/rubies/ruby-1.9.3-p286/lib/ruby/1.9.1/webrick/httpserver.rb:94:in `run'
  /home/ubuntu/.rvm/rubies/ruby-1.9.3-p286/lib/ruby/1.9.1/webrick/server.rb:191:in `block in start_thread'


  Rendered /home/ubuntu/.rvm/gems/ruby-1.9.3-p286@lookel/gems/actionpack-3.2.13/lib/action_dispatch/middleware/templates/rescues/_trace.erb (1.8ms)
  Rendered /home/ubuntu/.rvm/gems/ruby-1.9.3-p286@lookel/gems/actionpack-3.2.13/lib/action_dispatch/middleware/templates/rescues/_request_and_response.erb (1.3ms)
  Rendered /home/ubuntu/.rvm/gems/ruby-1.9.3-p286@lookel/gems/actionpack-3.2.13/lib/action_dispatch/middleware/templates/rescues/diagnostics.erb within rescues/layout (10.8ms)


Started GET "/users" for 127.0.0.1 at 2013-06-08 17:30:56 +0530

ActiveRecord::ConnectionNotEstablished (ActiveRecord::ConnectionNotEstablished):
  activerecord (3.2.13) lib/active_record/connection_adapters/abstract/connection_pool.rb:410:in `retrieve_connection'
  activerecord (3.2.13) lib/active_record/connection_adapters/abstract/connection_specification.rb:171:in `retrieve_connection'
  activerecord (3.2.13) lib/active_record/connection_adapters/abstract/connection_specification.rb:145:in `connection'
  activerecord (3.2.13) lib/active_record/query_cache.rb:67:in `rescue in call'
  activerecord (3.2.13) lib/active_record/query_cache.rb:61:in `call'
  activerecord (3.2.13) lib/active_record/connection_adapters/abstract/connection_pool.rb:479:in `call'
  actionpack (3.2.13) lib/action_dispatch/middleware/callbacks.rb:28:in `block in call'
  activesupport (3.2.13) lib/active_support/callbacks.rb:405:in `_run__729049725__call__630081570__callbacks'
  activesupport (3.2.13) lib/active_support/callbacks.rb:405:in `__run_callback'
  activesupport (3.2.13) lib/active_support/callbacks.rb:385:in `_run_call_callbacks'
  activesupport (3.2.13) lib/active_support/callbacks.rb:81:in `run_callbacks'
  actionpack (3.2.13) lib/action_dispatch/middleware/callbacks.rb:27:in `call'
  actionpack (3.2.13) lib/action_dispatch/middleware/reloader.rb:65:in `call'
  actionpack (3.2.13) lib/action_dispatch/middleware/remote_ip.rb:31:in `call'
  actionpack (3.2.13) lib/action_dispatch/middleware/debug_exceptions.rb:16:in `call'
  actionpack (3.2.13) lib/action_dispatch/middleware/show_exceptions.rb:56:in `call'
  railties (3.2.13) lib/rails/rack/logger.rb:32:in `call_app'
  railties (3.2.13) lib/rails/rack/logger.rb:16:in `block in call'
  activesupport (3.2.13) lib/active_support/tagged_logging.rb:22:in `tagged'
  railties (3.2.13) lib/rails/rack/logger.rb:16:in `call'
  actionpack (3.2.13) lib/action_dispatch/middleware/request_id.rb:22:in `call'
  rack (1.4.5) lib/rack/methodoverride.rb:21:in `call'
  rack (1.4.5) lib/rack/runtime.rb:17:in `call'
  activesupport (3.2.13) lib/active_support/cache/strategy/local_cache.rb:72:in `call'
  rack (1.4.5) lib/rack/lock.rb:15:in `call'
  actionpack (3.2.13) lib/action_dispatch/middleware/static.rb:63:in `call'
  railties (3.2.13) lib/rails/engine.rb:479:in `call'
  railties (3.2.13) lib/rails/application.rb:223:in `call'
  rack (1.4.5) lib/rack/content_length.rb:14:in `call'
  railties (3.2.13) lib/rails/rack/log_tailer.rb:17:in `call'
  rack (1.4.5) lib/rack/handler/webrick.rb:59:in `service'
  /home/ubuntu/.rvm/rubies/ruby-1.9.3-p286/lib/ruby/1.9.1/webrick/httpserver.rb:138:in `service'
  /home/ubuntu/.rvm/rubies/ruby-1.9.3-p286/lib/ruby/1.9.1/webrick/httpserver.rb:94:in `run'
  /home/ubuntu/.rvm/rubies/ruby-1.9.3-p286/lib/ruby/1.9.1/webrick/server.rb:191:in `block in start_thread'


  Rendered /home/ubuntu/.rvm/gems/ruby-1.9.3-p286@lookel/gems/actionpack-3.2.13/lib/action_dispatch/middleware/templates/rescues/_trace.erb (1.7ms)
  Rendered /home/ubuntu/.rvm/gems/ruby-1.9.3-p286@lookel/gems/actionpack-3.2.13/lib/action_dispatch/middleware/templates/rescues/_request_and_response.erb (3.3ms)
  Rendered /home/ubuntu/.rvm/gems/ruby-1.9.3-p286@lookel/gems/actionpack-3.2.13/lib/action_dispatch/middleware/templates/rescues/diagnostics.erb within rescues/layout (15.3ms)


Started GET "/users" for 127.0.0.1 at 2013-06-08 17:31:55 +0530

ActiveRecord::ConnectionNotEstablished (ActiveRecord::ConnectionNotEstablished):
  activerecord (3.2.13) lib/active_record/connection_adapters/abstract/connection_pool.rb:410:in `retrieve_connection'
  activerecord (3.2.13) lib/active_record/connection_adapters/abstract/connection_specification.rb:171:in `retrieve_connection'
  activerecord (3.2.13) lib/active_record/connection_adapters/abstract/connection_specification.rb:145:in `connection'
  activerecord (3.2.13) lib/active_record/query_cache.rb:67:in `rescue in call'
  activerecord (3.2.13) lib/active_record/query_cache.rb:61:in `call'
  activerecord (3.2.13) lib/active_record/connection_adapters/abstract/connection_pool.rb:479:in `call'
  actionpack (3.2.13) lib/action_dispatch/middleware/callbacks.rb:28:in `block in call'
  activesupport (3.2.13) lib/active_support/callbacks.rb:405:in `_run__711331657__call__539279241__callbacks'
  activesupport (3.2.13) lib/active_support/callbacks.rb:405:in `__run_callback'
  activesupport (3.2.13) lib/active_support/callbacks.rb:385:in `_run_call_callbacks'
  activesupport (3.2.13) lib/active_support/callbacks.rb:81:in `run_callbacks'
  actionpack (3.2.13) lib/action_dispatch/middleware/callbacks.rb:27:in `call'
  actionpack (3.2.13) lib/action_dispatch/middleware/reloader.rb:65:in `call'
  actionpack (3.2.13) lib/action_dispatch/middleware/remote_ip.rb:31:in `call'
  actionpack (3.2.13) lib/action_dispatch/middleware/debug_exceptions.rb:16:in `call'
  actionpack (3.2.13) lib/action_dispatch/middleware/show_exceptions.rb:56:in `call'
  railties (3.2.13) lib/rails/rack/logger.rb:32:in `call_app'
  railties (3.2.13) lib/rails/rack/logger.rb:16:in `block in call'
  activesupport (3.2.13) lib/active_support/tagged_logging.rb:22:in `tagged'
  railties (3.2.13) lib/rails/rack/logger.rb:16:in `call'
  actionpack (3.2.13) lib/action_dispatch/middleware/request_id.rb:22:in `call'
  rack (1.4.5) lib/rack/methodoverride.rb:21:in `call'
  rack (1.4.5) lib/rack/runtime.rb:17:in `call'
  activesupport (3.2.13) lib/active_support/cache/strategy/local_cache.rb:72:in `call'
  rack (1.4.5) lib/rack/lock.rb:15:in `call'
  actionpack (3.2.13) lib/action_dispatch/middleware/static.rb:63:in `call'
  railties (3.2.13) lib/rails/engine.rb:479:in `call'
  railties (3.2.13) lib/rails/application.rb:223:in `call'
  rack (1.4.5) lib/rack/content_length.rb:14:in `call'
  railties (3.2.13) lib/rails/rack/log_tailer.rb:17:in `call'
  rack (1.4.5) lib/rack/handler/webrick.rb:59:in `service'
  /home/ubuntu/.rvm/rubies/ruby-1.9.3-p286/lib/ruby/1.9.1/webrick/httpserver.rb:138:in `service'
  /home/ubuntu/.rvm/rubies/ruby-1.9.3-p286/lib/ruby/1.9.1/webrick/httpserver.rb:94:in `run'
  /home/ubuntu/.rvm/rubies/ruby-1.9.3-p286/lib/ruby/1.9.1/webrick/server.rb:191:in `block in start_thread'


  Rendered /home/ubuntu/.rvm/gems/ruby-1.9.3-p286@lookel/gems/actionpack-3.2.13/lib/action_dispatch/middleware/templates/rescues/_trace.erb (1.7ms)
  Rendered /home/ubuntu/.rvm/gems/ruby-1.9.3-p286@lookel/gems/actionpack-3.2.13/lib/action_dispatch/middleware/templates/rescues/_request_and_response.erb (3.4ms)
  Rendered /home/ubuntu/.rvm/gems/ruby-1.9.3-p286@lookel/gems/actionpack-3.2.13/lib/action_dispatch/middleware/templates/rescues/diagnostics.erb within rescues/layout (15.4ms)


Started GET "/users" for 127.0.0.1 at 2013-06-08 17:32:04 +0530

ActiveRecord::ConnectionNotEstablished (ActiveRecord::ConnectionNotEstablished):
  activerecord (3.2.13) lib/active_record/connection_adapters/abstract/connection_pool.rb:410:in `retrieve_connection'
  activerecord (3.2.13) lib/active_record/connection_adapters/abstract/connection_specification.rb:171:in `retrieve_connection'
  activerecord (3.2.13) lib/active_record/connection_adapters/abstract/connection_specification.rb:145:in `connection'
  activerecord (3.2.13) lib/active_record/query_cache.rb:67:in `rescue in call'
  activerecord (3.2.13) lib/active_record/query_cache.rb:61:in `call'
  activerecord (3.2.13) lib/active_record/connection_adapters/abstract/connection_pool.rb:479:in `call'
  actionpack (3.2.13) lib/action_dispatch/middleware/callbacks.rb:28:in `block in call'
  activesupport (3.2.13) lib/active_support/callbacks.rb:405:in `_run__711331657__call__539279241__callbacks'
  activesupport (3.2.13) lib/active_support/callbacks.rb:405:in `__run_callback'
  activesupport (3.2.13) lib/active_support/callbacks.rb:385:in `_run_call_callbacks'
  activesupport (3.2.13) lib/active_support/callbacks.rb:81:in `run_callbacks'
  actionpack (3.2.13) lib/action_dispatch/middleware/callbacks.rb:27:in `call'
  actionpack (3.2.13) lib/action_dispatch/middleware/reloader.rb:65:in `call'
  actionpack (3.2.13) lib/action_dispatch/middleware/remote_ip.rb:31:in `call'
  actionpack (3.2.13) lib/action_dispatch/middleware/debug_exceptions.rb:16:in `call'
  actionpack (3.2.13) lib/action_dispatch/middleware/show_exceptions.rb:56:in `call'
  railties (3.2.13) lib/rails/rack/logger.rb:32:in `call_app'
  railties (3.2.13) lib/rails/rack/logger.rb:16:in `block in call'
  activesupport (3.2.13) lib/active_support/tagged_logging.rb:22:in `tagged'
  railties (3.2.13) lib/rails/rack/logger.rb:16:in `call'
  actionpack (3.2.13) lib/action_dispatch/middleware/request_id.rb:22:in `call'
  rack (1.4.5) lib/rack/methodoverride.rb:21:in `call'
  rack (1.4.5) lib/rack/runtime.rb:17:in `call'
  activesupport (3.2.13) lib/active_support/cache/strategy/local_cache.rb:72:in `call'
  rack (1.4.5) lib/rack/lock.rb:15:in `call'
  actionpack (3.2.13) lib/action_dispatch/middleware/static.rb:63:in `call'
  railties (3.2.13) lib/rails/engine.rb:479:in `call'
  railties (3.2.13) lib/rails/application.rb:223:in `call'
  rack (1.4.5) lib/rack/content_length.rb:14:in `call'
  railties (3.2.13) lib/rails/rack/log_tailer.rb:17:in `call'
  rack (1.4.5) lib/rack/handler/webrick.rb:59:in `service'
  /home/ubuntu/.rvm/rubies/ruby-1.9.3-p286/lib/ruby/1.9.1/webrick/httpserver.rb:138:in `service'
  /home/ubuntu/.rvm/rubies/ruby-1.9.3-p286/lib/ruby/1.9.1/webrick/httpserver.rb:94:in `run'
  /home/ubuntu/.rvm/rubies/ruby-1.9.3-p286/lib/ruby/1.9.1/webrick/server.rb:191:in `block in start_thread'


  Rendered /home/ubuntu/.rvm/gems/ruby-1.9.3-p286@lookel/gems/actionpack-3.2.13/lib/action_dispatch/middleware/templates/rescues/_trace.erb (1.8ms)
  Rendered /home/ubuntu/.rvm/gems/ruby-1.9.3-p286@lookel/gems/actionpack-3.2.13/lib/action_dispatch/middleware/templates/rescues/_request_and_response.erb (1.5ms)
  Rendered /home/ubuntu/.rvm/gems/ruby-1.9.3-p286@lookel/gems/actionpack-3.2.13/lib/action_dispatch/middleware/templates/rescues/diagnostics.erb within rescues/layout (11.5ms)
Connecting to database specified by database.yml


Started GET "/users" for 127.0.0.1 at 2013-06-08 17:33:14 +0530
Processing by UsersController#index as HTML
  Rendered users/index.html.erb within layouts/application (6.7ms)
Completed 200 OK in 124ms (Views: 74.7ms | ActiveRecord: 0.0ms)


Started GET "/assets/application.css?body=1" for 127.0.0.1 at 2013-06-08 17:33:14 +0530
Served asset /application.css - 304 Not Modified (9ms)


Started GET "/assets/users.css?body=1" for 127.0.0.1 at 2013-06-08 17:33:14 +0530
Served asset /users.css - 304 Not Modified (2ms)


Started GET "/assets/jquery.js?body=1" for 127.0.0.1 at 2013-06-08 17:33:14 +0530
Served asset /jquery.js - 304 Not Modified (8ms)


Started GET "/assets/scaffolds.css?body=1" for 127.0.0.1 at 2013-06-08 17:33:14 +0530
Served asset /scaffolds.css - 304 Not Modified (2ms)


Started GET "/assets/users.js?body=1" for 127.0.0.1 at 2013-06-08 17:33:14 +0530
Served asset /users.js - 304 Not Modified (1ms)


Started GET "/assets/jquery_ujs.js?body=1" for 127.0.0.1 at 2013-06-08 17:33:14 +0530
Served asset /jquery_ujs.js - 304 Not Modified (3ms)


Started GET "/assets/application.js?body=1" for 127.0.0.1 at 2013-06-08 17:33:14 +0530
Served asset /application.js - 304 Not Modified (7ms)


Started GET "/users/new" for 127.0.0.1 at 2013-06-08 17:34:18 +0530
Processing by UsersController#new as HTML
  Rendered users/_form.html.erb (15.2ms)
  Rendered users/new.html.erb within layouts/application (20.7ms)
Completed 200 OK in 39ms (Views: 38.6ms | ActiveRecord: 0.0ms)


Started GET "/assets/application.css?body=1" for 127.0.0.1 at 2013-06-08 17:34:18 +0530
Served asset /application.css - 304 Not Modified (0ms)


Started GET "/assets/jquery.js?body=1" for 127.0.0.1 at 2013-06-08 17:34:18 +0530
Served asset /jquery.js - 304 Not Modified (0ms)


Started GET "/assets/users.css?body=1" for 127.0.0.1 at 2013-06-08 17:34:18 +0530
Served asset /users.css - 304 Not Modified (0ms)


Started GET "/assets/jquery_ujs.js?body=1" for 127.0.0.1 at 2013-06-08 17:34:18 +0530
Served asset /jquery_ujs.js - 304 Not Modified (0ms)


Started GET "/assets/scaffolds.css?body=1" for 127.0.0.1 at 2013-06-08 17:34:18 +0530
Served asset /scaffolds.css - 304 Not Modified (0ms)


Started GET "/assets/users.js?body=1" for 127.0.0.1 at 2013-06-08 17:34:18 +0530
Served asset /users.js - 304 Not Modified (0ms)


Started GET "/assets/application.js?body=1" for 127.0.0.1 at 2013-06-08 17:34:18 +0530
Served asset /application.js - 304 Not Modified (1ms)


Started GET "/users/90d0830706ababf6e9f6c3efc05dc983/edit" for 127.0.0.1 at 2013-06-08 17:34:27 +0530
Processing by UsersController#edit as HTML
  Parameters: {"id"=>"90d0830706ababf6e9f6c3efc05dc983"}
  Rendered users/_form.html.erb (7.8ms)
  Rendered users/edit.html.erb within layouts/application (9.9ms)
Completed 200 OK in 32ms (Views: 28.2ms | ActiveRecord: 0.0ms)


Started GET "/assets/application.css?body=1" for 127.0.0.1 at 2013-06-08 17:34:27 +0530
Served asset /application.css - 304 Not Modified (0ms)


Started GET "/assets/scaffolds.css?body=1" for 127.0.0.1 at 2013-06-08 17:34:27 +0530
Served asset /scaffolds.css - 304 Not Modified (0ms)


Started GET "/assets/application.js?body=1" for 127.0.0.1 at 2013-06-08 17:34:27 +0530
Served asset /application.js - 304 Not Modified (12ms)


Started GET "/assets/users.js?body=1" for 127.0.0.1 at 2013-06-08 17:34:27 +0530
Served asset /users.js - 304 Not Modified (0ms)


Started GET "/assets/users.css?body=1" for 127.0.0.1 at 2013-06-08 17:34:27 +0530
Served asset /users.css - 304 Not Modified (0ms)


Started GET "/assets/jquery_ujs.js?body=1" for 127.0.0.1 at 2013-06-08 17:34:27 +0530
Served asset /jquery_ujs.js - 304 Not Modified (0ms)


Started GET "/assets/jquery.js?body=1" for 127.0.0.1 at 2013-06-08 17:34:27 +0530
Served asset /jquery.js - 304 Not Modified (1ms)


Started GET "/users" for 127.0.0.1 at 2013-06-08 17:34:30 +0530
Processing by UsersController#index as HTML
  Rendered users/index.html.erb within layouts/application (1.9ms)
Completed 200 OK in 27ms (Views: 20.2ms | ActiveRecord: 0.0ms)


Started GET "/assets/application.css?body=1" for 127.0.0.1 at 2013-06-08 17:34:30 +0530
Served asset /application.css - 304 Not Modified (0ms)


Started GET "/assets/scaffolds.css?body=1" for 127.0.0.1 at 2013-06-08 17:34:30 +0530
Served asset /scaffolds.css - 304 Not Modified (6ms)


Started GET "/assets/jquery_ujs.js?body=1" for 127.0.0.1 at 2013-06-08 17:34:30 +0530
Served asset /jquery_ujs.js - 304 Not Modified (0ms)


Started GET "/assets/users.js?body=1" for 127.0.0.1 at 2013-06-08 17:34:30 +0530
Served asset /users.js - 304 Not Modified (0ms)


Started GET "/assets/users.css?body=1" for 127.0.0.1 at 2013-06-08 17:34:30 +0530
Served asset /users.css - 304 Not Modified (0ms)


Started GET "/assets/application.js?body=1" for 127.0.0.1 at 2013-06-08 17:34:30 +0530
Served asset /application.js - 304 Not Modified (1ms)


Started GET "/assets/jquery.js?body=1" for 127.0.0.1 at 2013-06-08 17:34:30 +0530
Served asset /jquery.js - 304 Not Modified (0ms)


Started GET "/users" for 127.0.0.1 at 2013-06-08 19:22:06 +0530
Processing by UsersController#index as HTML
  Rendered users/index.html.erb within layouts/application (7.6ms)
Compiled jquery.js  (2ms)  (pid 3312)
Compiled jquery_ujs.js  (0ms)  (pid 3312)
Compiled application.js  (107ms)  (pid 3312)
Completed 200 OK in 289ms (Views: 222.8ms)


Started GET "/assets/application.css?body=1" for 127.0.0.1 at 2013-06-08 19:22:06 +0530
Served asset /application.css - 304 Not Modified (11ms)


Started GET "/assets/scaffolds.css?body=1" for 127.0.0.1 at 2013-06-08 19:22:06 +0530
Served asset /scaffolds.css - 304 Not Modified (2ms)


Started GET "/assets/users.css?body=1" for 127.0.0.1 at 2013-06-08 19:22:06 +0530
Served asset /users.css - 304 Not Modified (3ms)


Started GET "/assets/jquery.js?body=1" for 127.0.0.1 at 2013-06-08 19:22:06 +0530
Served asset /jquery.js - 304 Not Modified (46ms)


Started GET "/assets/jquery_ujs.js?body=1" for 127.0.0.1 at 2013-06-08 19:22:06 +0530
Served asset /jquery_ujs.js - 304 Not Modified (2ms)


Started GET "/assets/users.js?body=1" for 127.0.0.1 at 2013-06-08 19:22:06 +0530
Served asset /users.js - 304 Not Modified (10ms)


Started GET "/assets/application.js?body=1" for 127.0.0.1 at 2013-06-08 19:22:06 +0530
Served asset /application.js - 304 Not Modified (8ms)


Started GET "/users/new" for 127.0.0.1 at 2013-06-08 19:22:08 +0530
Processing by UsersController#new as HTML
  Rendered users/_form.html.erb (30.5ms)
  Rendered users/new.html.erb within layouts/application (35.0ms)
Completed 200 OK in 46ms (Views: 45.8ms)


Started GET "/assets/application.css?body=1" for 127.0.0.1 at 2013-06-08 19:22:08 +0530
Served asset /application.css - 304 Not Modified (0ms)


Started GET "/assets/jquery_ujs.js?body=1" for 127.0.0.1 at 2013-06-08 19:22:08 +0530
Served asset /jquery_ujs.js - 304 Not Modified (0ms)


Started GET "/assets/users.js?body=1" for 127.0.0.1 at 2013-06-08 19:22:08 +0530
Served asset /users.js - 304 Not Modified (0ms)


Started GET "/assets/jquery.js?body=1" for 127.0.0.1 at 2013-06-08 19:22:08 +0530
Served asset /jquery.js - 304 Not Modified (0ms)


Started GET "/assets/users.css?body=1" for 127.0.0.1 at 2013-06-08 19:22:08 +0530
Served asset /users.css - 304 Not Modified (0ms)


Started GET "/assets/scaffolds.css?body=1" for 127.0.0.1 at 2013-06-08 19:22:08 +0530
Served asset /scaffolds.css - 304 Not Modified (0ms)


Started GET "/assets/application.js?body=1" for 127.0.0.1 at 2013-06-08 19:22:08 +0530
Served asset /application.js - 304 Not Modified (1ms)


Started GET "/users/new" for 103.21.53.252 at 2013-06-08 19:22:31 +0530
Processing by UsersController#new as HTML
  Rendered users/_form.html.erb (4.8ms)
  Rendered users/new.html.erb within layouts/application (5.6ms)
Completed 200 OK in 18ms (Views: 17.5ms)


Started GET "/assets/application.css?body=1" for 103.21.53.252 at 2013-06-08 19:22:31 +0530
Served asset /application.css - 200 OK (0ms)


Started GET "/assets/users.css?body=1" for 103.21.53.252 at 2013-06-08 19:22:31 +0530
Served asset /users.css - 200 OK (0ms)


Started GET "/assets/scaffolds.css?body=1" for 103.21.53.252 at 2013-06-08 19:22:31 +0530
Served asset /scaffolds.css - 200 OK (0ms)


Started GET "/assets/users.js?body=1" for 103.21.53.252 at 2013-06-08 19:22:31 +0530
Served asset /users.js - 200 OK (2ms)


Started GET "/assets/application.js?body=1" for 103.21.53.252 at 2013-06-08 19:22:31 +0530
Served asset /application.js - 200 OK (2ms)


Started GET "/assets/jquery.js?body=1" for 103.21.53.252 at 2013-06-08 19:22:31 +0530
Served asset /jquery.js - 200 OK (1ms)


Started GET "/assets/jquery_ujs.js?body=1" for 103.21.53.252 at 2013-06-08 19:22:31 +0530
Served asset /jquery_ujs.js - 200 OK (0ms)


Started GET "/assets/rails.png" for 127.0.0.1 at 2013-06-10 10:41:13 +0530
Served asset /rails.png - 304 Not Modified (71ms)


Started GET "/users" for 127.0.0.1 at 2013-06-10 10:41:18 +0530
Processing by UsersController#index as HTML
  Rendered users/index.html.erb within layouts/application (7.4ms)
Completed 200 OK in 485ms (Views: 356.4ms)


Started GET "/assets/application.css?body=1" for 127.0.0.1 at 2013-06-10 10:41:18 +0530
Served asset /application.css - 304 Not Modified (6ms)


Started GET "/assets/users.css?body=1" for 127.0.0.1 at 2013-06-10 10:41:18 +0530
Served asset /users.css - 304 Not Modified (8ms)


Started GET "/assets/scaffolds.css?body=1" for 127.0.0.1 at 2013-06-10 10:41:18 +0530
Served asset /scaffolds.css - 304 Not Modified (1ms)


Started GET "/assets/users.js?body=1" for 127.0.0.1 at 2013-06-10 10:41:18 +0530
Served asset /users.js - 304 Not Modified (2ms)


Started GET "/assets/jquery_ujs.js?body=1" for 127.0.0.1 at 2013-06-10 10:41:18 +0530
Served asset /jquery_ujs.js - 304 Not Modified (2ms)


Started GET "/assets/jquery.js?body=1" for 127.0.0.1 at 2013-06-10 10:41:18 +0530
Served asset /jquery.js - 304 Not Modified (3ms)


Started GET "/assets/application.js?body=1" for 127.0.0.1 at 2013-06-10 10:41:18 +0530
Served asset /application.js - 304 Not Modified (6ms)


Started GET "/users/new" for 127.0.0.1 at 2013-06-10 10:41:20 +0530
Processing by UsersController#new as HTML
  Rendered users/_form.html.erb (55.7ms)
  Rendered users/new.html.erb within layouts/application (60.6ms)
Completed 200 OK in 75ms (Views: 73.9ms)


Started GET "/assets/application.css?body=1" for 127.0.0.1 at 2013-06-10 10:41:20 +0530
Served asset /application.css - 304 Not Modified (0ms)


Started GET "/assets/scaffolds.css?body=1" for 127.0.0.1 at 2013-06-10 10:41:20 +0530
Served asset /scaffolds.css - 304 Not Modified (0ms)


Started GET "/assets/users.css?body=1" for 127.0.0.1 at 2013-06-10 10:41:20 +0530
Served asset /users.css - 304 Not Modified (0ms)


Started GET "/assets/jquery_ujs.js?body=1" for 127.0.0.1 at 2013-06-10 10:41:20 +0530
Served asset /jquery_ujs.js - 304 Not Modified (0ms)


Started GET "/assets/users.js?body=1" for 127.0.0.1 at 2013-06-10 10:41:20 +0530
Served asset /users.js - 304 Not Modified (0ms)


Started GET "/assets/jquery.js?body=1" for 127.0.0.1 at 2013-06-10 10:41:20 +0530
Served asset /jquery.js - 304 Not Modified (0ms)


Started GET "/assets/application.js?body=1" for 127.0.0.1 at 2013-06-10 10:41:20 +0530
Served asset /application.js - 304 Not Modified (1ms)


Started GET "/users" for 127.0.0.1 at 2013-06-10 10:41:22 +0530
Processing by UsersController#index as HTML
  Rendered users/index.html.erb within layouts/application (1.4ms)
Completed 200 OK in 22ms (Views: 15.7ms)


Started GET "/assets/application.css?body=1" for 127.0.0.1 at 2013-06-10 10:41:22 +0530
Served asset /application.css - 304 Not Modified (0ms)


Started GET "/assets/scaffolds.css?body=1" for 127.0.0.1 at 2013-06-10 10:41:22 +0530
Served asset /scaffolds.css - 304 Not Modified (0ms)


Started GET "/assets/users.css?body=1" for 127.0.0.1 at 2013-06-10 10:41:22 +0530
Served asset /users.css - 304 Not Modified (5ms)


Started GET "/assets/jquery_ujs.js?body=1" for 127.0.0.1 at 2013-06-10 10:41:22 +0530
Served asset /jquery_ujs.js - 304 Not Modified (0ms)


Started GET "/assets/application.js?body=1" for 127.0.0.1 at 2013-06-10 10:41:22 +0530
Served asset /application.js - 304 Not Modified (1ms)


Started GET "/assets/users.js?body=1" for 127.0.0.1 at 2013-06-10 10:41:22 +0530
Served asset /users.js - 304 Not Modified (0ms)


Started GET "/assets/jquery.js?body=1" for 127.0.0.1 at 2013-06-10 10:41:22 +0530
Served asset /jquery.js - 304 Not Modified (3ms)


Started GET "/users/new" for 127.0.0.1 at 2013-06-10 10:41:38 +0530
Processing by UsersController#new as HTML
  Rendered users/_form.html.erb (5.0ms)
  Rendered users/new.html.erb within layouts/application (5.9ms)
Completed 200 OK in 19ms (Views: 18.5ms)


Started GET "/assets/application.css?body=1" for 127.0.0.1 at 2013-06-10 10:41:38 +0530
Served asset /application.css - 304 Not Modified (2ms)


Started GET "/assets/users.css?body=1" for 127.0.0.1 at 2013-06-10 10:41:38 +0530
Served asset /users.css - 304 Not Modified (0ms)


Started GET "/assets/users.js?body=1" for 127.0.0.1 at 2013-06-10 10:41:38 +0530
Served asset /users.js - 304 Not Modified (0ms)


Started GET "/assets/jquery.js?body=1" for 127.0.0.1 at 2013-06-10 10:41:38 +0530
Served asset /jquery.js - 304 Not Modified (0ms)


Started GET "/assets/scaffolds.css?body=1" for 127.0.0.1 at 2013-06-10 10:41:38 +0530
Served asset /scaffolds.css - 304 Not Modified (2ms)


Started GET "/assets/jquery_ujs.js?body=1" for 127.0.0.1 at 2013-06-10 10:41:38 +0530
Served asset /jquery_ujs.js - 304 Not Modified (0ms)


Started GET "/assets/application.js?body=1" for 127.0.0.1 at 2013-06-10 10:41:38 +0530
Served asset /application.js - 304 Not Modified (1ms)


Started GET "/assets/rails.png" for 127.0.0.1 at 2013-06-10 11:19:41 +0530
Served asset /rails.png - 304 Not Modified (10ms)


Started GET "/users" for 127.0.0.1 at 2013-06-10 11:20:00 +0530
Processing by UsersController#index as HTML
  Rendered users/index.html.erb within layouts/application (1.3ms)
Completed 200 OK in 27ms (Views: 14.8ms)


Started GET "/assets/application.css?body=1" for 127.0.0.1 at 2013-06-10 11:20:00 +0530
Served asset /application.css - 304 Not Modified (0ms)


Started GET "/assets/scaffolds.css?body=1" for 127.0.0.1 at 2013-06-10 11:20:00 +0530
Served asset /scaffolds.css - 304 Not Modified (0ms)


Started GET "/assets/users.css?body=1" for 127.0.0.1 at 2013-06-10 11:20:00 +0530
Served asset /users.css - 304 Not Modified (59ms)


Started GET "/assets/application.js?body=1" for 127.0.0.1 at 2013-06-10 11:20:00 +0530
Served asset /application.js - 304 Not Modified (1ms)


Started GET "/assets/jquery.js?body=1" for 127.0.0.1 at 2013-06-10 11:20:00 +0530
Served asset /jquery.js - 304 Not Modified (0ms)


Started GET "/assets/users.js?body=1" for 127.0.0.1 at 2013-06-10 11:20:00 +0530
Served asset /users.js - 304 Not Modified (0ms)


Started GET "/assets/jquery_ujs.js?body=1" for 127.0.0.1 at 2013-06-10 11:20:00 +0530
Served asset /jquery_ujs.js - 304 Not Modified (0ms)


Started GET "/users/new" for 127.0.0.1 at 2013-06-10 11:20:03 +0530
Processing by UsersController#new as HTML
  Rendered users/_form.html.erb (5.0ms)
  Rendered users/new.html.erb within layouts/application (5.8ms)
Completed 200 OK in 20ms (Views: 19.3ms)


Started GET "/assets/application.css?body=1" for 127.0.0.1 at 2013-06-10 11:20:03 +0530
Served asset /application.css - 304 Not Modified (0ms)


Started GET "/assets/jquery_ujs.js?body=1" for 127.0.0.1 at 2013-06-10 11:20:03 +0530
Served asset /jquery_ujs.js - 304 Not Modified (0ms)


Started GET "/assets/users.js?body=1" for 127.0.0.1 at 2013-06-10 11:20:03 +0530
Served asset /users.js - 304 Not Modified (0ms)


Started GET "/assets/application.js?body=1" for 127.0.0.1 at 2013-06-10 11:20:03 +0530
Served asset /application.js - 304 Not Modified (1ms)


Started GET "/assets/jquery.js?body=1" for 127.0.0.1 at 2013-06-10 11:20:03 +0530
Served asset /jquery.js - 304 Not Modified (0ms)


Started GET "/assets/users.css?body=1" for 127.0.0.1 at 2013-06-10 11:20:03 +0530
Served asset /users.css - 304 Not Modified (0ms)


Started GET "/assets/scaffolds.css?body=1" for 127.0.0.1 at 2013-06-10 11:20:03 +0530
Served asset /scaffolds.css - 304 Not Modified (0ms)
